# JRE version: OpenJDK Runtime Environment Temurin-21.0.3+9 (21.0.3+9) (build 21.0.3+9-LTS)
# Java VM: OpenJDK 64-Bit Server VM Temurin-21.0.3+9 (21.0.3+9-LTS, mixed mode, emulated-client, tiered, compressed oops, compressed class ptrs, g1 gc, windows-amd64)
GC Precious Log:
 CardTable entry size: 512
 Card Set container configuration: InlinePtr #cards 4 size 8 Array Of Cards #cards 32 size 80 Howl #buckets 8 coarsen threshold 7372 Howl Bitmap #cards 1024 size 144 coarsen threshold 921 Card regions per heap region 1 cards per card region 8192
 CPUs: 8 total, 8 available
 Memory: 32424M
 Large Page Support: Disabled
 NUMA Support: Disabled
 Compressed Oops: Enabled (Zero based)
 Heap Region Size: 4M
 Heap Min Capacity: 8M
 Heap Initial Capacity: 508M
 Heap Max Capacity: 8108M
 Pre-touch: Disabled
 Parallel Workers: 8
 Concurrent Workers: 2
 Concurrent Refinement Workers: 8
 Periodic GC: Disabled
Heap:
 garbage-first heap   total 81920K, used 60096K [0x0000000605400000, 0x0000000800000000)
  region size 4096K, 10 young (40960K), 0 survivors (0K)
 Metaspace       used 71510K, committed 72064K, reserved 1114112K
  class space    used 9367K, committed 9600K, reserved 1048576K
GC Heap History (20 events):
Event: 4.209 GC heap before
{Heap before GC invocations=11 (full 0):
 garbage-first heap   total 81920K, used 60204K [0x0000000605400000, 0x0000000800000000)
  region size 4096K, 12 young (49152K), 2 survivors (8192K)
 Metaspace       used 46550K, committed 47168K, reserved 1114112K
  class space    used 5585K, committed 5888K, reserved 1048576K
}
Event: 4.214 GC heap after
{Heap after GC invocations=12 (full 0):
 garbage-first heap   total 303104K, used 20541K [0x0000000605400000, 0x0000000800000000)
  region size 4096K, 1 young (4096K), 1 survivors (4096K)
 Metaspace       used 46550K, committed 47168K, reserved 1114112K
  class space    used 5585K, committed 5888K, reserved 1048576K
}
Event: 5.500 GC heap before
{Heap before GC invocations=12 (full 0):
 garbage-first heap   total 303104K, used 159805K [0x0000000605400000, 0x0000000800000000)
  region size 4096K, 37 young (151552K), 1 survivors (4096K)
 Metaspace       used 59792K, committed 60416K, reserved 1114112K
  class space    used 7721K, committed 8000K, reserved 1048576K
}
Event: 5.506 GC heap after
{Heap after GC invocations=13 (full 0):
 garbage-first heap   total 303104K, used 23629K [0x0000000605400000, 0x0000000800000000)
  region size 4096K, 2 young (8192K), 2 survivors (8192K)
 Metaspace       used 59792K, committed 60416K, reserved 1114112K
  class space    used 7721K, committed 8000K, reserved 1048576K
}
Event: 6.041 GC heap before
{Heap before GC invocations=14 (full 0):
 garbage-first heap   total 110592K, used 80973K [0x0000000605400000, 0x0000000800000000)
  region size 4096K, 16 young (65536K), 2 survivors (8192K)
 Metaspace       used 65489K, committed 66176K, reserved 1114112K
  class space    used 8596K, committed 8896K, reserved 1048576K
}
Event: 6.046 GC heap after
{Heap after GC invocations=15 (full 0):
 garbage-first heap   total 110592K, used 24873K [0x0000000605400000, 0x0000000800000000)
  region size 4096K, 2 young (8192K), 2 survivors (8192K)
 Metaspace       used 65489K, committed 66176K, reserved 1114112K
  class space    used 8596K, committed 8896K, reserved 1048576K
}
Event: 46.445 GC heap before
{Heap before GC invocations=15 (full 0):
 garbage-first heap   total 110592K, used 69929K [0x0000000605400000, 0x0000000800000000)
  region size 4096K, 14 young (57344K), 2 survivors (8192K)
 Metaspace       used 68851K, committed 69632K, reserved 1114112K
  class space    used 9079K, committed 9408K, reserved 1048576K
}
Event: 46.495 GC heap after
{Heap after GC invocations=16 (full 1):
 garbage-first heap   total 81920K, used 22704K [0x0000000605400000, 0x0000000800000000)
  region size 4096K, 0 young (0K), 0 survivors (0K)
 Metaspace       used 68851K, committed 69632K, reserved 1114112K
  class space    used 9079K, committed 9408K, reserved 1048576K
}
Event: 47.193 GC heap before
{Heap before GC invocations=16 (full 1):
 garbage-first heap   total 81920K, used 71856K [0x0000000605400000, 0x0000000800000000)
  region size 4096K, 12 young (49152K), 0 survivors (0K)
 Metaspace       used 68977K, committed 69760K, reserved 1114112K
  class space    used 9088K, committed 9408K, reserved 1048576K
}
Event: 47.197 GC heap after
{Heap after GC invocations=17 (full 1):
 garbage-first heap   total 81920K, used 26908K [0x0000000605400000, 0x0000000800000000)
  region size 4096K, 2 young (8192K), 2 survivors (8192K)
 Metaspace       used 68977K, committed 69760K, reserved 1114112K
  class space    used 9088K, committed 9408K, reserved 1048576K
}
Event: 89.250 GC heap before
{Heap before GC invocations=17 (full 1):
 garbage-first heap   total 81920K, used 26908K [0x0000000605400000, 0x0000000800000000)
  region size 4096K, 3 young (12288K), 2 survivors (8192K)
 Metaspace       used 68982K, committed 69760K, reserved 1114112K
  class space    used 9089K, committed 9408K, reserved 1048576K
}
Event: 89.315 GC heap after
{Heap after GC invocations=18 (full 2):
 garbage-first heap   total 81920K, used 22852K [0x0000000605400000, 0x0000000800000000)
  region size 4096K, 0 young (0K), 0 survivors (0K)
 Metaspace       used 68979K, committed 69760K, reserved 1114112K
  class space    used 9089K, committed 9408K, reserved 1048576K
}
Event: 89.969 GC heap before
{Heap before GC invocations=18 (full 2):
 garbage-first heap   total 81920K, used 67908K [0x0000000605400000, 0x0000000800000000)
  region size 4096K, 11 young (45056K), 0 survivors (0K)
 Metaspace       used 69096K, committed 69888K, reserved 1114112K
  class space    used 9101K, committed 9472K, reserved 1048576K
}
Event: 89.972 GC heap after
{Heap after GC invocations=19 (full 2):
 garbage-first heap   total 81920K, used 27485K [0x0000000605400000, 0x0000000800000000)
  region size 4096K, 2 young (8192K), 2 survivors (8192K)
 Metaspace       used 69096K, committed 69888K, reserved 1114112K
  class space    used 9101K, committed 9472K, reserved 1048576K
}
Event: 99.523 GC heap before
{Heap before GC invocations=19 (full 2):
 garbage-first heap   total 81920K, used 31581K [0x0000000605400000, 0x0000000800000000)
  region size 4096K, 4 young (16384K), 2 survivors (8192K)
 Metaspace       used 69102K, committed 69952K, reserved 1114112K
  class space    used 9102K, committed 9472K, reserved 1048576K
}
Event: 99.582 GC heap after
{Heap after GC invocations=20 (full 3):
 garbage-first heap   total 81920K, used 22097K [0x0000000605400000, 0x0000000800000000)
  region size 4096K, 0 young (0K), 0 survivors (0K)
 Metaspace       used 68738K, committed 69952K, reserved 1114112K
  class space    used 9006K, committed 9472K, reserved 1048576K
}
Event: 100.277 GC heap before
{Heap before GC invocations=20 (full 3):
 garbage-first heap   total 81920K, used 67153K [0x0000000605400000, 0x0000000800000000)
  region size 4096K, 11 young (45056K), 0 survivors (0K)
 Metaspace       used 68858K, committed 69952K, reserved 1114112K
  class space    used 9016K, committed 9472K, reserved 1048576K
}
Event: 100.280 GC heap after
{Heap after GC invocations=21 (full 3):
 garbage-first heap   total 81920K, used 26750K [0x0000000605400000, 0x0000000800000000)
  region size 4096K, 2 young (8192K), 2 survivors (8192K)
 Metaspace       used 68858K, committed 69952K, reserved 1114112K
  class space    used 9016K, committed 9472K, reserved 1048576K
}
Event: 231.908 GC heap before
{Heap before GC invocations=21 (full 3):
 garbage-first heap   total 81920K, used 51326K [0x0000000605400000, 0x0000000800000000)
  region size 4096K, 10 young (40960K), 2 survivors (8192K)
 Metaspace       used 71508K, committed 72128K, reserved 1114112K
  class space    used 9363K, committed 9600K, reserved 1048576K
}
Event: 231.955 GC heap after
{Heap after GC invocations=22 (full 4):
 garbage-first heap   total 81920K, used 23232K [0x0000000605400000, 0x0000000800000000)
  region size 4096K, 0 young (0K), 0 survivors (0K)
 Metaspace       used 71391K, committed 72064K, reserved 1114112K
  class space    used 9358K, committed 9600K, reserved 1048576K
}

